[INFO ] 2021-05-08 12:16:33.590 [main] LogUtilityFunctions - login Successful
[INFO ] 2021-05-08 15:12:26.821 [main] LogUtilityFunctions - login Successful
[INFO ] 2021-05-08 15:13:41.597 [main] LogUtilityFunctions - login Successful
[INFO ] 2021-05-08 15:15:30.128 [main] LogUtilityFunctions - login Successful
[INFO ] 2021-05-08 15:16:04.976 [main] LogUtilityFunctions - login Successful
[INFO ] 2021-05-08 15:16:10.746 [main] LogUtilityFunctions - login Successful
[INFO ] 2021-05-08 15:17:08.496 [main] LogUtilityFunctions - login Successful
[INFO ] 2021-05-08 15:17:14.406 [main] LogUtilityFunctions - login Successful
[INFO ] 2021-05-08 15:28:12.228 [main] LogUtilityFunctions - login Successful
[INFO ] 2021-05-08 15:28:46.632 [main] LogUtilityFunctions - login Successful
[INFO ] 2021-05-08 15:31:17.843 [main] LogUtilityFunctions - login Successful
[INFO ] 2021-05-08 15:53:45.277 [main] LogUtilityFunctions - login Successful
[INFO ] 2021-05-08 15:53:51.516 [main] LogUtilityFunctions - login Successful
[INFO ] 2021-05-08 15:55:49.051 [main] LogUtilityFunctions - login Successful
[INFO ] 2021-05-08 15:55:56.218 [main] LogUtilityFunctions - login Successful
[INFO ] 2021-05-08 15:58:12.650 [main] LogUtilityFunctions - login Successful
[INFO ] 2021-05-08 16:00:28.974 [main] LogUtilityFunctions - login Successful
[INFO ] 2021-05-08 16:01:41.942 [main] LogUtilityFunctions - login Successful
[INFO ] 2021-05-08 16:03:35.497 [main] LogUtilityFunctions - login Successful
[INFO ] 2021-05-08 16:55:30.293 [main] LogUtilityFunctions - login Successful
[INFO ] 2021-05-08 16:57:39.496 [main] LogUtilityFunctions - login Successful
[INFO ] 2021-05-08 16:59:22.101 [main] LogUtilityFunctions - login Successful
[INFO ] 2021-05-08 17:04:20.492 [main] LogUtilityFunctions - login Successful
[INFO ] 2021-05-08 17:05:13.140 [main] LogUtilityFunctions - login Successful
[INFO ] 2021-05-08 17:09:54.702 [main] LogUtilityFunctions - login Successful
[INFO ] 2021-05-08 17:11:12.424 [main] LogUtilityFunctions - login Successful
[INFO ] 2021-05-08 17:17:08.376 [main] LogUtilityFunctions - login Successful
[INFO ] 2021-05-08 19:26:14.099 [main] LogUtilityFunctions - login Successful
[INFO ] 2021-05-08 19:28:21.342 [main] LogUtilityFunctions - login Successful
[INFO ] 2021-05-08 20:12:33.879 [main] LogUtilityFunctions - login Successful
[INFO ] 2021-05-08 20:20:33.691 [main] LogUtilityFunctions - login Successful
[INFO ] 2021-05-08 20:24:18.018 [main] LogUtilityFunctions - login Successful
[INFO ] 2021-05-08 20:24:57.551 [main] LogUtilityFunctions - login Successful
[INFO ] 2021-05-08 20:27:24.029 [main] LogUtilityFunctions - login Successful
[INFO ] 2021-05-08 20:28:56.870 [main] LogUtilityFunctions - login Successful
[INFO ] 2021-05-08 20:32:29.980 [main] LogUtilityFunctions - login Successful
[INFO ] 2021-05-09 11:22:09.780 [main] LogUtilityFunctions - login Successful
[INFO ] 2021-05-09 18:14:13.653 [main] LogUtilityFunctions - login Successful
[INFO ] 2021-05-09 18:24:21.317 [main] LogUtilityFunctions - login Successful
[INFO ] 2021-05-09 18:26:49.418 [main] LogUtilityFunctions - login Successful
[INFO ] 2021-05-09 18:35:59.009 [main] LogUtilityFunctions - signIn
[INFO ] 2021-05-09 19:02:45.011 [main] LogUtilityFunctions - signIn
[INFO ] 2021-05-09 19:02:57.175 [main] LogUtilityFunctions - signIn
[INFO ] 2021-05-10 16:37:51.511 [main] LogUtilityFunctions - login Successful
[INFO ] 2021-05-10 16:51:14.304 [main] LogUtilityFunctions - signIn
[INFO ] 2021-05-10 16:51:14.309 [main] LogUtilityFunctions - signIn
[INFO ] 2021-05-11 16:50:59.019 [main] LogUtilityFunctions - login Successful
[INFO ] 2021-05-11 16:52:06.488 [main] LogUtilityFunctions - login Successful
[INFO ] 2021-05-12 11:26:34.823 [main] LogUtilityFunctions - login Successful
[INFO ] 2021-05-12 11:26:34.830 [main] LogUtilityFunctions - signin successfull
[INFO ] 2021-05-12 11:31:54.693 [main] LogUtilityFunctions - login Successful
[INFO ] 2021-05-12 11:31:54.714 [main] LogUtilityFunctions - signin successfull
[INFO ] 2021-05-12 11:44:21.219 [main] LogUtilityFunctions - login Successful
[INFO ] 2021-05-12 11:44:21.240 [main] LogUtilityFunctions - signin successfull
[INFO ] 2021-05-12 11:49:19.950 [main] LogUtilityFunctions - login Successful
[INFO ] 2021-05-12 11:49:19.961 [main] LogUtilityFunctions - signin successfull
[INFO ] 2021-05-12 11:56:49.008 [main] LogUtilityFunctions - login Successful
[INFO ] 2021-05-12 11:56:49.016 [main] LogUtilityFunctions - signin successfull
[INFO ] 2021-05-12 11:58:01.191 [main] LogUtilityFunctions - login Successful
[INFO ] 2021-05-12 11:58:01.198 [main] LogUtilityFunctions - signin successfull
[INFO ] 2021-05-12 11:59:15.132 [main] LogUtilityFunctions - login Successful
[INFO ] 2021-05-12 11:59:15.140 [main] LogUtilityFunctions - signin successfull
[INFO ] 2021-05-12 12:00:16.676 [main] LogUtilityFunctions - login Successful
[INFO ] 2021-05-12 12:00:16.683 [main] LogUtilityFunctions - signin successfull
[INFO ] 2021-05-12 12:02:31.212 [main] LogUtilityFunctions - login Successful
[INFO ] 2021-05-12 12:02:31.222 [main] LogUtilityFunctions - signin successfull
[INFO ] 2021-05-13 16:15:18.295 [main] LogUtilityFunctions - login Successful
[INFO ] 2021-05-13 16:16:52.352 [main] LogUtilityFunctions - login Successful
[INFO ] 2021-05-13 16:25:40.925 [main] LogUtilityFunctions - login Successful
[INFO ] 2021-05-14 12:17:48.974 [main] LogUtilityFunctions - login Successful
[INFO ] 2021-05-14 12:17:48.992 [main] LogUtilityFunctions - signin successfull
[INFO ] 2021-05-14 12:19:05.171 [main] LogUtilityFunctions - login Successful
[INFO ] 2021-05-14 12:19:05.196 [main] LogUtilityFunctions - signin successfull
[INFO ] 2021-05-14 12:20:37.859 [main] LogUtilityFunctions - login Successful
[INFO ] 2021-05-14 12:20:37.870 [main] LogUtilityFunctions - signin successfull
[INFO ] 2021-05-14 12:23:32.015 [main] LogUtilityFunctions - login Successful
[INFO ] 2021-05-14 12:23:32.026 [main] LogUtilityFunctions - signin successfull
[INFO ] 2021-05-14 12:29:54.460 [main] LogUtilityFunctions - login Successful
[INFO ] 2021-05-14 12:29:54.470 [main] LogUtilityFunctions - signin successful
[INFO ] 2021-05-14 12:36:13.834 [main] LogUtilityFunctions - login Successful
[INFO ] 2021-05-14 12:36:13.843 [main] LogUtilityFunctions - signin successful
[ERROR] 2021-05-14 12:36:15.462 [main] LogUtilityFunctions - Class not found exception for JDBC driver class [Ljava.lang.StackTraceElement;@7c75db8b
[INFO ] 2021-05-14 12:40:16.042 [main] LogUtilityFunctions - login Successful
[INFO ] 2021-05-14 12:40:16.055 [main] LogUtilityFunctions - signin successful
[ERROR] 2021-05-14 12:40:17.970 [main] LogUtilityFunctions - Class not found exception for JDBC driver class [Ljava.lang.StackTraceElement;@6a0cbc6f
[INFO ] 2021-05-14 12:41:38.561 [main] LogUtilityFunctions - login Successful
[INFO ] 2021-05-14 12:41:38.572 [main] LogUtilityFunctions - signin successful
[ERROR] 2021-05-14 12:41:40.429 [main] LogUtilityFunctions - Class not found exception for JDBC driver class [Ljava.lang.StackTraceElement;@15d0849
[INFO ] 2021-05-14 12:42:19.151 [main] LogUtilityFunctions - login Successful
[INFO ] 2021-05-14 12:42:19.159 [main] LogUtilityFunctions - signin successful
[ERROR] 2021-05-14 12:42:20.705 [main] LogUtilityFunctions - Class not found exception for JDBC driver class [Ljava.lang.StackTraceElement;@468be356
[INFO ] 2021-05-14 12:43:26.388 [main] LogUtilityFunctions - login Successful
[INFO ] 2021-05-14 12:43:26.401 [main] LogUtilityFunctions - signin successful
[INFO ] 2021-05-14 12:44:32.182 [main] LogUtilityFunctions - login Successful
[INFO ] 2021-05-14 12:44:32.191 [main] LogUtilityFunctions - signin successful
[INFO ] 2021-05-14 12:46:04.099 [main] LogUtilityFunctions - login Successful
[INFO ] 2021-05-14 12:46:04.109 [main] LogUtilityFunctions - signin successful
[INFO ] 2021-05-14 12:53:44.979 [main] LogUtilityFunctions - login Successful
[INFO ] 2021-05-14 12:53:44.989 [main] LogUtilityFunctions - signin successful
[INFO ] 2021-05-14 12:56:47.333 [main] LogUtilityFunctions - login Successful
[INFO ] 2021-05-14 12:56:47.341 [main] LogUtilityFunctions - signin successful
[INFO ] 2021-05-14 13:00:23.005 [main] LogUtilityFunctions - login Successful
[INFO ] 2021-05-14 13:00:23.005 [main] LogUtilityFunctions - signin successful
[INFO ] 2021-05-14 13:02:28.755 [main] LogUtilityFunctions - login Successful
[INFO ] 2021-05-14 13:02:28.766 [main] LogUtilityFunctions - signin successful
[INFO ] 2021-05-14 13:03:48.219 [main] LogUtilityFunctions - login Successful
[INFO ] 2021-05-14 13:03:48.229 [main] LogUtilityFunctions - signin successful
[INFO ] 2021-05-14 13:04:29.388 [main] LogUtilityFunctions - login Successful
[INFO ] 2021-05-14 13:04:29.396 [main] LogUtilityFunctions - signin successful
[INFO ] 2021-05-14 14:43:25.769 [main] LogUtilityFunctions - login Successful
[INFO ] 2021-05-14 14:57:21.313 [main] LogUtilityFunctions - login Successful
[INFO ] 2021-05-14 14:57:21.315 [main] LogUtilityFunctions - signin successful
[INFO ] 2021-05-15 09:52:04.409 [main] LogUtilityFunctions - login Successful
[INFO ] 2021-05-15 10:24:17.267 [main] LogUtilityFunctions - login Successful
[INFO ] 2021-05-15 10:24:51.966 [main] LogUtilityFunctions - login Successful
[INFO ] 2021-05-15 10:28:05.288 [main] LogUtilityFunctions - login Successful
[INFO ] 2021-05-15 10:29:50.852 [main] LogUtilityFunctions - login Successful
[INFO ] 2021-05-15 10:55:23.870 [main] LogUtilityFunctions - login Successful
[INFO ] 2021-05-15 10:56:08.876 [main] LogUtilityFunctions - login Successful
[INFO ] 2021-05-15 11:11:06.926 [main] LogUtilityFunctions - login Successful
[INFO ] 2021-05-15 11:14:33.449 [main] LogUtilityFunctions - login Successful
[INFO ] 2021-05-15 11:15:49.766 [main] LogUtilityFunctions - login Successful
[INFO ] 2021-05-15 11:39:34.532 [main] LogUtilityFunctions - login Successful
[INFO ] 2021-05-15 11:39:34.538 [main] LogUtilityFunctions - signin successful
[INFO ] 2021-05-15 11:39:47.461 [main] LogUtilityFunctions - login Successful
[INFO ] 2021-05-15 11:40:04.718 [main] LogUtilityFunctions - login Successful
[INFO ] 2021-05-15 12:48:32.457 [main] LogUtilityFunctions - login Successful
[INFO ] 2021-05-15 12:48:32.470 [main] LogUtilityFunctions - signin successful
[INFO ] 2021-05-15 12:48:51.090 [main] LogUtilityFunctions - login Successful
[INFO ] 2021-05-15 12:49:10.319 [main] LogUtilityFunctions - login Successful
[INFO ] 2021-05-15 12:53:38.964 [main] LogUtilityFunctions - login Successful
[INFO ] 2021-05-15 12:53:38.972 [main] LogUtilityFunctions - signin successful
[INFO ] 2021-05-15 13:01:31.421 [main] LogUtilityFunctions - login Successful
[INFO ] 2021-05-15 13:01:31.432 [main] LogUtilityFunctions - signin successful
[INFO ] 2021-05-16 10:14:28.281 [main] LogUtilityFunctions - login Successful
[INFO ] 2021-05-16 10:14:28.297 [main] LogUtilityFunctions - signin successful
[INFO ] 2021-05-16 10:20:19.226 [main] LogUtilityFunctions - login Successful
[INFO ] 2021-05-16 10:20:19.238 [main] LogUtilityFunctions - signin successful
[INFO ] 2021-05-16 10:25:43.775 [main] LogUtilityFunctions - login Successful
[INFO ] 2021-05-16 10:25:43.792 [main] SignInTest - signIn test is successful
[INFO ] 2021-05-16 10:29:45.622 [main] LogUtilityFunctions - login Successful
[INFO ] 2021-05-16 10:29:45.631 [main] SignInTest - signIn test is successful
